DiagnosticsPlugin.exe Information: 0 : [31-07-2016 22:15:15] Starting DiagnosticPlugin.exe DiagnosticPlugin-ShutdownEvent DiagnosticPlugin-TotalShutdownEvent -wadVer1v5
DiagnosticsPlugin.exe Error: 0 : [31-07-2016 22:15:15] Failed to save IIS Directory state
DiagnosticsPlugin.exe Error: 0 : [31-07-2016 22:15:15] System.UnauthorizedAccessException: Filnavn: redirection.config
Fejl: Konfigurationsfilen blev ikke læst, da der ikke var tilstrækkelige rettigheder


   ved Microsoft.Web.Administration.Interop.IAppHostAdminManager.GetAdminSection(String bstrSectionName, String bstrPath)
   ved Microsoft.Web.Administration.Configuration.GetSectionInternal(ConfigurationSection section, String sectionPath, String locationPath)
   ved Microsoft.Web.Administration.ServerManager.SitesSectionCreator()
   ved Microsoft.Web.Administration.Lazy.Initialize[T](T& target, CreateInstanceDelegate`1 valueFactory)
   ved Microsoft.Web.Administration.ServerManager.SitesCollectionCreator()
   ved Microsoft.Web.Administration.Lazy.Initialize[T](T& target, CreateInstanceDelegate`1 valueFactory)
   ved Microsoft.Azure.Plugins.Plugin.DiagnosticsPluginManager.SaveIISDirectoryState()
DiagnosticsPlugin.exe Information: 0 : [31-07-2016 22:15:15] Starting DiagnosticsPlugin
DiagnosticsPlugin.exe Information: 0 : [31-07-2016 22:15:15] Emulator config file set to E:\Bman\Documents\GitHub\ExamCloudBeer\ExamBjarCloudBeer\ExamBjarCloudBeer\csx\Debug\roles\WCFServiceWebRole1\approot\diagnostics.wadcfgx
DiagnosticsPlugin.exe Information: 0 : [31-07-2016 22:15:15] DiagnosticsStoreRootPath set to: C:\Users\Bman\AppData\Local\dftmp\Resources\18f392d7-d877-448f-bbd0-e4a29a3af6a9
DiagnosticsPlugin.exe Information: 0 : [31-07-2016 22:15:15] Loading config file: E:\Bman\Documents\GitHub\ExamCloudBeer\ExamBjarCloudBeer\ExamBjarCloudBeer\csx\Debug\roles\WCFServiceWebRole1\approot\diagnostics.wadcfgx
DiagnosticsPlugin.exe Information: 0 : [31-07-2016 22:15:15] Config file to read: E:\Bman\Documents\GitHub\ExamCloudBeer\ExamBjarCloudBeer\ExamBjarCloudBeer\csx\Debug\roles\WCFServiceWebRole1\approot\diagnostics.wadcfgx
DiagnosticsPlugin.exe Information: 0 : [31-07-2016 22:15:15] Checking VM Type
DiagnosticsPlugin.exe Information: 0 : [31-07-2016 22:15:15] Emulator config file set to E:\Bman\Documents\GitHub\ExamCloudBeer\ExamBjarCloudBeer\ExamBjarCloudBeer\csx\Debug\roles\WCFServiceWebRole1\approot\diagnostics.wadcfgx
DiagnosticsPlugin.exe Information: 0 : [31-07-2016 22:15:15] Extension set to Emulator Mode
DiagnosticsPlugin.exe Information: 0 : [31-07-2016 22:15:15] Reading XML configuration file
DiagnosticsPlugin.exe Information: 0 : [31-07-2016 22:15:15] Bypassing private config decryption
DiagnosticsPlugin.exe Information: 0 : [31-07-2016 22:15:15] WadCfg is provided in initial configuration. Using that to initialize Diagnostics.
DiagnosticsPlugin.exe Information: 0 : [31-07-2016 22:15:15] <PublicConfig xmlns="http://schemas.microsoft.com/ServiceHosting/2010/10/DiagnosticsConfiguration">
  <WadCfg>
    <DiagnosticMonitorConfiguration overallQuotaInMB="4096">
      <DiagnosticInfrastructureLogs scheduledTransferLogLevelFilter="Error" />
      <Logs scheduledTransferPeriod="PT1M" scheduledTransferLogLevelFilter="Error" />
      <Directories scheduledTransferPeriod="PT1M">
        <IISLogs containerName="wad-iis-logfiles" />
        <FailedRequestLogs containerName="wad-failedrequestlogs" />
      </Directories>
      <WindowsEventLog scheduledTransferPeriod="PT1M">
        <DataSource name="Application!*[System[(Level=1 or Level=2 or Level=3)]]" />
        <DataSource name="Windows Azure!*[System[(Level=1 or Level=2 or Level=3 or Level=4)]]" />
      </WindowsEventLog>
      <CrashDumps containerName="wad-crashdumps" dumpType="Mini">
        <CrashDumpConfiguration processName="WaIISHost.exe" />
        <CrashDumpConfiguration processName="WaWorkerHost.exe" />
        <CrashDumpConfiguration processName="w3wp.exe" />
      </CrashDumps>
      <PerformanceCounters scheduledTransferPeriod="PT1M">
        <PerformanceCounterConfiguration counterSpecifier="\Memory\Available MBytes" sampleRate="PT3M" />
        <PerformanceCounterConfiguration counterSpecifier="\Web Service(_Total)\ISAPI Extension Requests/sec" sampleRate="PT3M" />
        <PerformanceCounterConfiguration counterSpecifier="\Web Service(_Total)\Bytes Total/Sec" sampleRate="PT3M" />
        <PerformanceCounterConfiguration counterSpecifier="\ASP.NET Applications(__Total__)\Requests/Sec" sampleRate="PT3M" />
        <PerformanceCounterConfiguration counterSpecifier="\ASP.NET Applications(__Total__)\Errors Total/Sec" sampleRate="PT3M" />
        <PerformanceCounterConfiguration counterSpecifier="\ASP.NET\Requests Queued" sampleRate="PT3M" />
        <PerformanceCounterConfiguration counterSpecifier="\ASP.NET\Requests Rejected" sampleRate="PT3M" />
        <PerformanceCounterConfiguration counterSpecifier="\Processor(_Total)\% Processor Time" sampleRate="PT3M" />
      </PerformanceCounters>
    </DiagnosticMonitorConfiguration>
  </WadCfg>
  <StorageAccount>devstoreaccount1</StorageAccount>
</PublicConfig>
DiagnosticsPlugin.exe Information: 0 : [31-07-2016 22:15:15] Private setting is loaded
DiagnosticsPlugin.exe Information: 0 : [31-07-2016 22:15:15] Is config json/xml loaded
DiagnosticsPlugin.exe Information: 0 : [31-07-2016 22:15:16] Successfully created checkpoint file C:\Users\Bman\AppData\Local\dftmp\Resources\18f392d7-d877-448f-bbd0-e4a29a3af6a9\WAD0105\Configuration\Checkpoint.txt
DiagnosticsPlugin.exe Information: 0 : [31-07-2016 22:15:16] Will use local resource directory C:\Users\Bman\AppData\Local\dftmp\Resources\18f392d7-d877-448f-bbd0-e4a29a3af6a9\WAD0105
DiagnosticsPlugin.exe Information: 0 : [31-07-2016 22:15:16] Will use endpoint https://core.windows.net for storage.
DiagnosticsPlugin.exe Information: 0 : [31-07-2016 22:15:16] Exception in creating the ServerManager; is IIS installed?
 Error:System.UnauthorizedAccessException: Filnavn: redirection.config
Fejl: Konfigurationsfilen blev ikke læst, da der ikke var tilstrækkelige rettigheder


   ved Microsoft.Web.Administration.Interop.IAppHostAdminManager.GetAdminSection(String bstrSectionName, String bstrPath)
   ved Microsoft.Web.Administration.Configuration.GetSectionInternal(ConfigurationSection section, String sectionPath, String locationPath)
   ved Microsoft.Web.Administration.ServerManager.SitesSectionCreator()
   ved Microsoft.Web.Administration.Lazy.Initialize[T](T& target, CreateInstanceDelegate`1 valueFactory)
   ved Microsoft.Web.Administration.ServerManager.SitesCollectionCreator()
   ved Microsoft.Web.Administration.Lazy.Initialize[T](T& target, CreateInstanceDelegate`1 valueFactory)
   ved Microsoft.Azure.Plugins.Plugin.WadConfigProcessor.AddDirectories(EventsType mdsEvents, Directories wadDirectories)
DiagnosticsPlugin.exe Information: 0 : [31-07-2016 22:15:16] Running in emulator mode, crash dumps not enabled
DiagnosticsPlugin.exe Information: 0 : [31-07-2016 22:15:16] Checking to see if Application Insights extension needs to be configured.
DiagnosticsPlugin.exe Information: 0 : [31-07-2016 22:15:16] In emulator mode and using devstore updating XStoreAccount info, command line args: -LocalPath "C:\Users\Bman\AppData\Local\dftmp\Resources\18f392d7-d877-448f-bbd0-e4a29a3af6a9\WAD0105"  -ConfigFile "C:\Users\Bman\AppData\Local\dftmp\Resources\18f392d7-d877-448f-bbd0-e4a29a3af6a9\WAD0105\Configuration\MaConfig.xml" -ShutDownEvent WADDM-ShutDown-9098a5c03ab9493990b19b5dae4a7d5a  -TotalShutDownEvent WADDM-TotalShutDown-9098a5c03ab9493990b19b5dae4a7d5a -InitializedEvent WADM-StartUp-9098a5c03ab9493990b19b5dae4a7d5a -parent 5092 -events -wadVer1v5 -UseProxyServer -XStoreAccounts WadAccount#true#devstoreaccount1#Eby8vdM02xNOcqFlqUwJPLlmEtlCDXJ1OUzFT50uSRZ6IFsuFq2UVErCz4I6tq/K1SZFPTOtr/KBHBeksoGMGw==#http://127.0.0.1:10002#http://127.0.0.1:10001#http://127.0.0.1:10000
